Arguments: 
  C:\Program Files\nodejs\node.exe C:\Users\kwamina\AppData\Roaming\npm\node_modules\yarn\bin\yarn.js add react-apollo apollo-boost

PATH: 
  C:\Program Files\PowerShell\7;C:\Windows\system32;C:\Windows;C:\Windows\System32\Wbem;C:\Windows\System32\WindowsPowerShell\v1.0\;C:\Windows\System32\OpenSSH\;C:\Program Files\Microsoft VS Code\bin;C:\Program Files\Git\cmd;C:\Program Files\PowerShell\7\;C:\Program Files\nodejs\;C:\xampp\php;;C:\Program Files\Docker\Docker\resources\bin;C:\ProgramData\DockerDesktop\version-bin;C:\composer;C:\Users\kwamina\AppData\Local\Microsoft\WindowsApps;C:\Users\kwamina\AppData\Roaming\npm;C:\Users\kwamina\AppData\Roaming\Composer\vendor\bin

Yarn version: 
  1.22.18

Node version: 
  16.14.2

Platform: 
  win32 x64

Trace: 
  Error: EPERM: operation not permitted, unlink 'C:\Users\kwamina\Desktop\JOB\personal\slygh\node_modules\esbuild-windows-64\esbuild.exe'

npm manifest: 
  {
    "name": "tiny-blog",
    "private": true,
    "description": "",
    "license": "",
    "sideEffects": false,
    "scripts": {
      "build": "run-p build:*",
      "build:css": "npm run generate:css -- --minify",
      "build:remix": "cross-env NODE_ENV=production remix build",
      "dev": "run-p dev:*",
      "dev:css": "npm run generate:css -- --watch",
      "dev:remix": "cross-env NODE_ENV=development remix dev",
      "generate:css": "npx tailwindcss -i ./tailwind.css -o ./app/tailwind.css",
      "postinstall": "remix setup node",
      "start": "cross-env NODE_ENV=production remix-serve build"
    },
    "dependencies": {
      "@apollo/client": "^3.5.10",
      "@remix-run/react": "^1.2.3",
      "@remix-run/vercel": "^1.2.3",
      "graphql": "^16.3.0",
      "graphql-request": "^4.1.0",
      "html-react-parser": "^1.4.8",
      "moment": "^2.29.1",
      "react": "^17.0.2",
      "react-dom": "^17.0.2",
      "react-icons": "^4.3.1",
      "remix": "^1.2.3"
    },
    "devDependencies": {
      "@remix-run/dev": "^1.2.3",
      "@remix-run/eslint-config": "^1.2.3",
      "@remix-run/serve": "^1.2.3",
      "@types/react": "^17.0.24",
      "@types/react-dom": "^17.0.9",
      "cross-env": "^7.0.3",
      "eslint": "^8.9.0",
      "npm-run-all": "^4.1.5",
      "prettier": "^2.5.1",
      "prettier-plugin-tailwindcss": "^0.1.8",
      "tailwindcss": "^3.0.23",
      "typescript": "^4.5.5"
    },
    "engines": {
      "node": ">=14"
    }
  }

yarn manifest: 
  No manifest

Lockfile: 
  No lockfile
